15:25:21.517 [main] INFO  testCases.Logintest - log in user
15:25:21.589 [main] INFO  testCases.Logintest - user password successful
15:28:36.849 [main] INFO  testCases.Logintest - log in user
15:28:36.932 [main] INFO  testCases.Logintest - user password successful
15:31:02.721 [main] INFO  testCases.Logintest - log in user
15:31:02.798 [main] INFO  testCases.Logintest - user password successful
15:35:37.065 [main] INFO  testCases.Logintest - log in user
15:35:37.137 [main] INFO  testCases.Logintest - user password successful
15:35:38.446 [main] INFO  testCases.Logintest - ORM App login success
16:57:26.632 [main] INFO  testCases.AddUserTest - log in user
16:57:26.706 [main] INFO  testCases.AddUserTest - user password successful
16:57:28.064 [main] INFO  testCases.AddUserTest - ORM App login success
17:00:56.580 [main] INFO  testCases.AddUserTest - log in user
17:00:56.660 [main] INFO  testCases.AddUserTest - user password successful
17:00:57.954 [main] INFO  testCases.AddUserTest - ORM App login success
17:08:31.076 [main] INFO  testCases.AddUserTest - log in user
17:08:31.153 [main] INFO  testCases.AddUserTest - user password successful
17:08:32.441 [main] INFO  testCases.AddUserTest - ORM App login success
17:10:44.454 [main] INFO  testCases.AddUserTest - log in user
17:10:44.525 [main] INFO  testCases.AddUserTest - user password successful
17:10:45.839 [main] INFO  testCases.AddUserTest - ORM App login success
17:18:40.333 [main] INFO  testCases.AddUserTest - log in user
17:18:40.415 [main] INFO  testCases.AddUserTest - user password successful
17:18:41.845 [main] INFO  testCases.AddUserTest - ORM App login success
18:49:02.158 [main] INFO  testCases.Logintest - log in user
18:49:02.282 [main] INFO  testCases.Logintest - user password successful
18:49:03.729 [main] INFO  testCases.Logintest - ORM App login success
18:50:18.916 [main] INFO  testCases.AddUserTest - log in user
18:50:19.068 [main] INFO  testCases.AddUserTest - user password successful
18:50:20.349 [main] INFO  testCases.AddUserTest - ORM App login success
19:00:34.634 [main] INFO  testCases.Logintest - log in user
19:00:34.761 [main] INFO  testCases.Logintest - user password successful
19:00:34.888 [main] INFO  testCases.Logintest - ORM App login success
19:02:21.571 [main] INFO  testCases.AddUserTest - log in user
19:02:21.686 [main] INFO  testCases.AddUserTest - user password successful
19:02:23.073 [main] INFO  testCases.AddUserTest - ORM App login success
19:24:31.884 [main] INFO  testCases.AddUserTest - log in user
19:24:32.010 [main] INFO  testCases.AddUserTest - user password successful
19:24:33.329 [main] INFO  testCases.AddUserTest - ORM App login success
19:40:14.331 [main] INFO  testCases.AddUserTest - log in user
19:40:14.457 [main] INFO  testCases.AddUserTest - user password successful
19:40:15.724 [main] INFO  testCases.AddUserTest - ORM App login success
19:42:05.339 [main] INFO  testCases.AddUserTest - log in user
19:42:05.469 [main] INFO  testCases.AddUserTest - user password successful
19:42:06.795 [main] INFO  testCases.AddUserTest - ORM App login success
19:48:24.284 [main] INFO  testCases.AddUserTest - log in user
19:48:24.409 [main] INFO  testCases.AddUserTest - user password successful
19:48:25.756 [main] INFO  testCases.AddUserTest - ORM App login success
20:02:15.915 [main] INFO  testCases.AddUserTest - log in user
20:02:15.990 [main] INFO  testCases.AddUserTest - user password successful
20:02:16.067 [main] INFO  testCases.AddUserTest - ORM App login success
06:04:03.493 [main] INFO  testCases.AddUserTest - log in user
06:04:03.614 [main] INFO  testCases.AddUserTest - user password successful
06:04:04.901 [main] INFO  testCases.AddUserTest - ORM App login success
07:23:27.340 [main] INFO  testCases.LeaveTest - log in user
07:23:27.425 [main] INFO  testCases.LeaveTest - user password successful
07:23:28.814 [main] INFO  testCases.LeaveTest - ORM App login success
07:46:19.321 [main] INFO  testCases.AddUserTest - log in user
07:46:19.399 [main] INFO  testCases.AddUserTest - user password successful
07:46:20.731 [main] INFO  testCases.AddUserTest - ORM App login success
07:46:56.902 [main] INFO  testCases.Logintest - log in user
07:46:56.983 [main] INFO  testCases.Logintest - user password successful
07:46:57.053 [main] INFO  testCases.Logintest - ORM App login success
07:47:24.734 [main] INFO  testCases.LeaveTest - log in user
07:47:24.812 [main] INFO  testCases.LeaveTest - user password successful
07:47:26.145 [main] INFO  testCases.LeaveTest - ORM App login success
10:32:27.386 [main] INFO  testCases.Logintest - log in user
10:32:27.467 [main] INFO  testCases.Logintest - user password successful
10:32:28.834 [main] INFO  testCases.Logintest - ORM App login success
12:25:27.009 [main] INFO  testCases.Logintest - log in user
12:25:27.107 [main] INFO  testCases.Logintest - user password successful
12:25:28.381 [main] INFO  testCases.Logintest - ORM App login success
13:44:37.158 [main] INFO  testCases.TC006_LoginDDT - log in user
13:44:37.235 [main] INFO  testCases.TC006_LoginDDT - user password successful
13:44:38.584 [main] INFO  testCases.TC006_LoginDDT - ORM App login success
08:57:07.342 [main] INFO  testCases.TC006_LoginDDT - log in user
08:57:07.439 [main] INFO  testCases.TC006_LoginDDT - user password successful
08:57:08.753 [main] INFO  testCases.TC006_LoginDDT - ORM App login success
09:00:34.830 [main] INFO  testCases.TC006_LoginDDT - log in user
09:00:34.913 [main] INFO  testCases.TC006_LoginDDT - user password successful
09:00:36.255 [main] INFO  testCases.TC006_LoginDDT - ORM App login success
09:16:41.249 [main] INFO  testCases.TC006_LoginDDT - log in user
09:16:41.325 [main] INFO  testCases.TC006_LoginDDT - user password successful
09:16:42.667 [main] INFO  testCases.TC006_LoginDDT - ORM App login success
10:34:27.762 [main] INFO  testCases.TC006_LoginDDT - log in user
10:34:27.768 [main] INFO  testCases.TC006_LoginDDT - user password successful
10:34:27.768 [main] INFO  testCases.TC006_LoginDDT - ORM App login success
10:49:48.651 [main] INFO  testCases.TC006_LoginDDT - log in user
10:49:48.657 [main] INFO  testCases.TC006_LoginDDT - user password successful
10:49:48.658 [main] INFO  testCases.TC006_LoginDDT - ORM App login success
11:09:53.379 [main] INFO  testCases.TC006_LoginDDT - log in user
11:09:53.384 [main] INFO  testCases.TC006_LoginDDT - user password successful
11:09:53.384 [main] INFO  testCases.TC006_LoginDDT - ORM App login success
13:31:15.801 [main] INFO  testCases.TC006_LoginDDT - log in user
13:31:15.804 [main] INFO  testCases.TC006_LoginDDT - user password successful
13:31:15.804 [main] INFO  testCases.TC006_LoginDDT - ORM App login success
13:35:24.633 [main] INFO  testCases.TC006_LoginDDT - log in user
13:35:24.641 [main] INFO  testCases.TC006_LoginDDT - user password successful
13:35:24.641 [main] INFO  testCases.TC006_LoginDDT - ORM App login success
13:40:51.345 [main] INFO  testCases.TC006_LoginDDT - log in user
13:40:51.350 [main] INFO  testCases.TC006_LoginDDT - user password successful
13:40:51.350 [main] INFO  testCases.TC006_LoginDDT - ORM App login success
14:28:02.144 [main] INFO  testCases.TC006_LoginDDT - log in user
14:28:02.146 [main] INFO  testCases.TC006_LoginDDT - user password successful
14:28:02.146 [main] INFO  testCases.TC006_LoginDDT - ORM App login success
15:44:47.947 [main] INFO  testCases.TC006_LoginDDT - log in user
15:44:48.032 [main] INFO  testCases.TC006_LoginDDT - user password successful
15:44:48.032 [main] INFO  testCases.TC006_LoginDDT - ORM App login success
15:45:56.259 [main] INFO  testCases.AddUserTest - log in user
15:45:56.339 [main] INFO  testCases.AddUserTest - user password successful
15:45:56.339 [main] INFO  testCases.AddUserTest - ORM App login success
15:46:22.845 [main] INFO  testCases.Logintest - log in user
15:46:22.915 [main] INFO  testCases.Logintest - user password successful
15:46:22.916 [main] INFO  testCases.Logintest - ORM App login success
15:46:49.502 [main] INFO  testCases.LeaveTest - log in user
15:46:49.580 [main] INFO  testCases.LeaveTest - user password successful
15:46:49.580 [main] INFO  testCases.LeaveTest - ORM App login success
17:13:22.394 [main] INFO  testCases.LeaveTest - log in user
17:13:22.486 [main] INFO  testCases.LeaveTest - user password successful
17:13:22.487 [main] INFO  testCases.LeaveTest - ORM App login success
17:20:35.310 [main] INFO  testCases.LeaveTest - log in user
17:20:35.403 [main] INFO  testCases.LeaveTest - user password successful
17:20:35.403 [main] INFO  testCases.LeaveTest - ORM App login success
17:24:39.533 [main] INFO  testCases.VerifyDashboard_002 - log in user
17:24:39.620 [main] INFO  testCases.VerifyDashboard_002 - user password successful
17:24:41.014 [main] INFO  testCases.VerifyDashboard_002 - ORM App login success
21:50:57.140 [main] INFO  testCases.TC006_LoginDDT - log in user
21:50:57.227 [main] INFO  testCases.TC006_LoginDDT - user password successful
21:50:58.658 [main] INFO  testCases.TC006_LoginDDT - ORM App login success
21:52:05.190 [main] INFO  testCases.AddUserTest - log in user
21:52:05.273 [main] INFO  testCases.AddUserTest - user password successful
21:52:05.366 [main] INFO  testCases.AddUserTest - ORM App login success
21:52:41.150 [main] INFO  testCases.VerifyDashboard_002 - log in user
21:52:41.229 [main] INFO  testCases.VerifyDashboard_002 - user password successful
21:52:42.569 [main] INFO  testCases.VerifyDashboard_002 - ORM App login success
21:52:49.104 [main] INFO  testCases.LeaveTest - log in user
21:52:49.185 [main] INFO  testCases.LeaveTest - user password successful
21:52:50.578 [main] INFO  testCases.LeaveTest - ORM App login success
22:02:00.100 [main] INFO  testCases.AddUserTest - log in user
22:02:00.190 [main] INFO  testCases.AddUserTest - user password successful
22:02:01.555 [main] INFO  testCases.AddUserTest - ORM App login success
22:02:36.437 [main] INFO  testCases.LeaveTest - log in user
22:02:36.512 [main] INFO  testCases.LeaveTest - user password successful
22:02:37.890 [main] INFO  testCases.LeaveTest - ORM App login success
22:17:34.052 [main] INFO  testCases.AddUserTest - log in user
22:17:34.133 [main] INFO  testCases.AddUserTest - user password successful
22:17:35.478 [main] INFO  testCases.AddUserTest - ORM App login success
22:18:10.272 [main] INFO  testCases.LeaveTest - log in user
22:18:10.347 [main] INFO  testCases.LeaveTest - user password successful
22:18:11.487 [main] INFO  testCases.LeaveTest - ORM App login success
22:21:07.728 [main] INFO  testCases.AddUserTest - log in user
22:21:07.817 [main] INFO  testCases.AddUserTest - user password successful
22:21:09.231 [main] INFO  testCases.AddUserTest - ORM App login success
22:25:03.831 [main] INFO  testCases.AddUserTest - log in user
22:25:03.914 [main] INFO  testCases.AddUserTest - user password successful
22:25:05.064 [main] INFO  testCases.AddUserTest - ORM App login success
23:29:57.665 [main] INFO  testCases.LeaveTest - log in user
23:29:57.779 [main] INFO  testCases.LeaveTest - user password successful
23:29:59.092 [main] INFO  testCases.LeaveTest - ORM App login success
12:52:36.627 [main] INFO  testCases.LeaveTest - log in user
12:52:36.703 [main] INFO  testCases.LeaveTest - user password successful
12:52:38.057 [main] INFO  testCases.LeaveTest - ORM App login success
15:08:00.280 [main] INFO  testCases.LeaveTest - log in user
15:08:00.359 [main] INFO  testCases.LeaveTest - user password successful
15:08:01.684 [main] INFO  testCases.LeaveTest - ORM App login success
16:03:15.231 [main] INFO  testCases.LeaveTest - log in user
16:03:15.309 [main] INFO  testCases.LeaveTest - user password successful
16:03:15.383 [main] INFO  testCases.LeaveTest - ORM App login success
17:30:30.822 [main] INFO  testCases.LeaveTest - log in user
17:30:30.908 [main] INFO  testCases.LeaveTest - user password successful
17:30:42.879 [main] INFO  testCases.LeaveTest - ORM App login success
22:09:19.428 [main] INFO  testCases.LeaveTest - log in user
22:09:19.582 [main] INFO  testCases.LeaveTest - user password successful
22:09:20.819 [main] INFO  testCases.LeaveTest - ORM App login success
22:15:35.676 [main] INFO  testCases.LeaveTest - log in user
22:15:35.783 [main] INFO  testCases.LeaveTest - user password successful
22:15:37.050 [main] INFO  testCases.LeaveTest - ORM App login success
22:18:27.622 [main] INFO  testCases.LeaveTest - log in user
22:18:27.751 [main] INFO  testCases.LeaveTest - user password successful
22:18:29.207 [main] INFO  testCases.LeaveTest - ORM App login success
22:55:22.781 [main] INFO  testCases.LeaveTest - log in user
22:55:22.852 [main] INFO  testCases.LeaveTest - user password successful
22:55:22.932 [main] INFO  testCases.LeaveTest - ORM App login success
22:59:41.533 [main] INFO  testCases.LeaveTest - log in user
22:59:41.621 [main] INFO  testCases.LeaveTest - user password successful
22:59:42.915 [main] INFO  testCases.LeaveTest - ORM App login success
00:20:27.971 [main] INFO  testCases.LeaveTest - log in user
00:20:28.058 [main] INFO  testCases.LeaveTest - user password successful
00:20:29.376 [main] INFO  testCases.LeaveTest - ORM App login success
00:30:01.887 [main] INFO  testCases.LeaveTest - log in user
00:30:01.966 [main] INFO  testCases.LeaveTest - user password successful
00:30:02.041 [main] INFO  testCases.LeaveTest - ORM App login success
00:38:13.061 [main] INFO  testCases.LeaveTest - log in user
00:38:13.135 [main] INFO  testCases.LeaveTest - user password successful
00:38:13.216 [main] INFO  testCases.LeaveTest - ORM App login success
00:46:17.429 [main] INFO  testCases.LeaveTest - log in user
00:46:17.507 [main] INFO  testCases.LeaveTest - user password successful
00:46:18.840 [main] INFO  testCases.LeaveTest - ORM App login success
00:53:58.098 [main] INFO  testCases.LeaveTest - log in user
00:53:58.176 [main] INFO  testCases.LeaveTest - user password successful
00:53:59.562 [main] INFO  testCases.LeaveTest - ORM App login success
00:55:01.298 [main] INFO  testCases.LeaveTest - log in user
00:55:01.374 [main] INFO  testCases.LeaveTest - user password successful
00:55:01.451 [main] INFO  testCases.LeaveTest - ORM App login success
17:14:18.911 [main] INFO  testCases.LeaveTest - log in user
17:14:18.999 [main] INFO  testCases.LeaveTest - user password successful
17:14:20.327 [main] INFO  testCases.LeaveTest - ORM App login success
17:30:36.138 [main] INFO  testCases.LeaveTest - log in user
17:30:36.220 [main] INFO  testCases.LeaveTest - user password successful
17:30:37.532 [main] INFO  testCases.LeaveTest - ORM App login success
17:34:48.081 [main] INFO  testCases.LeaveTest - log in user
17:34:48.165 [main] INFO  testCases.LeaveTest - user password successful
17:34:49.754 [main] INFO  testCases.LeaveTest - ORM App login success
12:34:50.758 [main] INFO  testCases.LeaveTest - log in user
12:34:50.841 [main] INFO  testCases.LeaveTest - user password successful
12:34:52.273 [main] INFO  testCases.LeaveTest - ORM App login success
12:40:52.030 [main] INFO  testCases.LeaveTest - log in user
12:40:52.124 [main] INFO  testCases.LeaveTest - user password successful
12:40:53.597 [main] INFO  testCases.LeaveTest - ORM App login success
12:45:17.068 [main] INFO  testCases.LeaveTest - log in user
12:45:17.151 [main] INFO  testCases.LeaveTest - user password successful
12:45:18.366 [main] INFO  testCases.LeaveTest - ORM App login success
13:12:17.503 [main] INFO  testCases.LeaveTest - log in user
13:12:17.591 [main] INFO  testCases.LeaveTest - user password successful
13:12:18.727 [main] INFO  testCases.LeaveTest - ORM App login success
13:17:25.040 [main] INFO  testCases.LeaveTest - log in user
13:17:25.116 [main] INFO  testCases.LeaveTest - user password successful
13:17:25.200 [main] INFO  testCases.LeaveTest - ORM App login success
13:29:27.492 [main] INFO  testCases.LeaveTest - log in user
13:29:27.563 [main] INFO  testCases.LeaveTest - user password successful
13:29:28.694 [main] INFO  testCases.LeaveTest - ORM App login success
14:15:12.572 [main] INFO  testCases.LeaveTest - log in user
14:15:12.650 [main] INFO  testCases.LeaveTest - user password successful
14:15:13.960 [main] INFO  testCases.LeaveTest - ORM App login success
14:20:00.214 [main] INFO  testCases.LeaveTest - log in user
14:20:00.297 [main] INFO  testCases.LeaveTest - user password successful
14:20:01.657 [main] INFO  testCases.LeaveTest - ORM App login success
14:49:25.627 [main] INFO  testCases.LeaveTest - log in user
14:49:25.704 [main] INFO  testCases.LeaveTest - user password successful
14:49:25.783 [main] INFO  testCases.LeaveTest - ORM App login success
14:56:18.014 [main] INFO  testCases.AddUserTest - log in user
14:56:18.089 [main] INFO  testCases.AddUserTest - user password successful
14:56:19.526 [main] INFO  testCases.AddUserTest - ORM App login success
14:56:59.414 [main] INFO  testCases.LeaveTest - log in user
14:56:59.492 [main] INFO  testCases.LeaveTest - user password successful
14:57:00.696 [main] INFO  testCases.LeaveTest - ORM App login success
15:05:47.683 [main] INFO  testCases.AddUserTest - log in user
15:05:47.765 [main] INFO  testCases.AddUserTest - user password successful
15:05:47.846 [main] INFO  testCases.AddUserTest - ORM App login success
15:06:24.133 [main] INFO  testCases.LeaveTest - log in user
15:06:24.208 [main] INFO  testCases.LeaveTest - user password successful
15:06:25.364 [main] INFO  testCases.LeaveTest - ORM App login success
15:11:31.998 [main] INFO  testCases.AddUserTest - log in user
15:11:32.075 [main] INFO  testCases.AddUserTest - user password successful
15:11:33.417 [main] INFO  testCases.AddUserTest - ORM App login success
15:23:05.825 [main] INFO  testCases.AddUserTest - log in user
15:23:05.916 [main] INFO  testCases.AddUserTest - user password successful
15:23:06.003 [main] INFO  testCases.AddUserTest - ORM App login success
21:18:57.331 [main] INFO  testCases.AddUserTest - log in user
21:18:57.407 [main] INFO  testCases.AddUserTest - user password successful
21:18:57.483 [main] INFO  testCases.AddUserTest - ORM App login success
21:19:33.543 [main] INFO  testCases.LeaveTest - log in user
21:19:33.613 [main] INFO  testCases.LeaveTest - user password successful
21:19:34.731 [main] INFO  testCases.LeaveTest - ORM App login success
21:27:41.604 [main] INFO  testCases.AddUserTest - log in user
21:27:41.688 [main] INFO  testCases.AddUserTest - user password successful
21:27:43.120 [main] INFO  testCases.AddUserTest - ORM App login success
21:28:18.513 [main] INFO  testCases.LeaveTest - log in user
21:28:18.590 [main] INFO  testCases.LeaveTest - user password successful
21:28:20.014 [main] INFO  testCases.LeaveTest - ORM App login success
